Log file open, 04/10/19 19:49:13
LogWindows: Failed to load 'aqProf.dll' (GetLastError=126)
LogWindows: File 'aqProf.dll' does not exist
LogWindows: Failed to load 'VtuneApi.dll' (GetLastError=126)
LogWindows: File 'VtuneApi.dll' does not exist
LogWindows: Failed to load 'VtuneApi32e.dll' (GetLastError=126)
LogWindows: File 'VtuneApi32e.dll' does not exist
LogConsoleResponse: Display: Failed to find resolution value strings in scalability ini. Falling back to default.
LogInit: Display: Running engine for game: CurtisInventoryBlank
LogPakFile: Registered encryption key '00000000000000000000000000000000': 0 pak files mounted, 0 remain pending
LogPlatformFile: Not using cached read wrapper
LogTaskGraph: Started task graph with 5 named threads and 11 total threads with 3 sets of task threads.
LogStats: Stats thread started at 0.395829
LogD3D11RHI: Loaded GFSDK_Aftermath_Lib.x64.dll
LogWindows: Failed to load '../../../Engine/Binaries/ThirdParty/libsndfile/Win64/libsndfile-1.dll' (GetLastError=126)
LogWindows: File '../../../Engine/Binaries/ThirdParty/libsndfile/Win64/libsndfile-1.dll' does not exist
LogAudioMixer: Display: Failed to load Sound File dll
LogAudioEditor: Display: LibSoundFile failed to load. Importing audio will not work correctly.
LogICUInternationalization: ICU TimeZone Detection - Raw Offset: -7:00, Platform Override: ''
LogPluginManager: Mounting plugin Paper2D
LogPluginManager: Mounting plugin AISupport
LogPluginManager: Mounting plugin LightPropagationVolume
LogPluginManager: Mounting plugin ActorLayerUtilities
LogPluginManager: Mounting plugin AnimationSharing
LogPluginManager: Mounting plugin CLionSourceCodeAccess
LogPluginManager: Mounting plugin CodeLiteSourceCodeAccess
LogPluginManager: Mounting plugin GitSourceControl
LogPluginManager: Mounting plugin KDevelopSourceCodeAccess
LogPluginManager: Mounting plugin NullSourceCodeAccess
LogPluginManager: Mounting plugin PerforceSourceControl
LogPluginManager: Mounting plugin SubversionSourceControl
LogPluginManager: Mounting plugin UObjectPlugin
LogPluginManager: Mounting plugin VisualStudioCodeSourceCodeAccess
LogPluginManager: Mounting plugin VisualStudioSourceCodeAccess
LogPluginManager: Mounting plugin XCodeSourceCodeAccess
LogPluginManager: Mounting plugin AssetManagerEditor
LogPluginManager: Mounting plugin CryptoKeys
LogPluginManager: Mounting plugin DataValidation
LogPluginManager: Mounting plugin FacialAnimation
LogPluginManager: Mounting plugin GameplayTagsEditor
LogPluginManager: Mounting plugin MacGraphicsSwitching
LogPluginManager: Mounting plugin MaterialAnalyzer
LogPluginManager: Mounting plugin MobileLauncherProfileWizard
LogPluginManager: Mounting plugin PluginBrowser
LogPluginManager: Mounting plugin SpeedTreeImporter
LogPluginManager: Mounting plugin DatasmithContent
LogPluginManager: Mounting plugin VariantManagerContent
LogPluginManager: Mounting plugin AlembicImporter
LogPluginManager: Mounting plugin AppleImageUtils
LogPluginManager: Mounting plugin AppleVision
LogPluginManager: Mounting plugin BackChannel
LogPluginManager: Mounting plugin CharacterAI
LogPluginManager: Mounting plugin GeometryCache
LogPluginManager: Mounting plugin HTML5Networking
LogPluginManager: Mounting plugin ProxyLODPlugin
LogPluginManager: Mounting plugin SkeletalReduction
LogPluginManager: Mounting plugin MagicLeap
LogPluginManager: Mounting plugin MagicLeapMedia
LogPluginManager: Mounting plugin AndroidMedia
LogPluginManager: Mounting plugin AvfMedia
LogPluginManager: Mounting plugin ImgMedia
LogPluginManager: Mounting plugin LinearTimecode
LogPluginManager: Mounting plugin MediaCompositing
LogPluginManager: Mounting plugin MediaPlayerEditor
LogPluginManager: Mounting plugin WebMMedia
LogPluginManager: Mounting plugin WmfMedia
LogPluginManager: Mounting plugin TcpMessaging
LogPluginManager: Mounting plugin UdpMessaging
LogPluginManager: Mounting plugin ActorSequence
LogPluginManager: Mounting plugin LevelSequenceEditor
LogPluginManager: Mounting plugin MatineeToLevelSequence
LogPluginManager: Mounting plugin NetcodeUnitTest
LogPluginManager: Mounting plugin NUTUnrealEngine4
LogPluginManager: Mounting plugin OnlineSubsystemGooglePlay
LogPluginManager: Mounting plugin OnlineSubsystemIOS
LogPluginManager: Mounting plugin OnlineSubsystem
LogPluginManager: Mounting plugin OnlineSubsystemNull
LogPluginManager: Mounting plugin OnlineSubsystemUtils
LogPluginManager: Mounting plugin LauncherChunkInstaller
LogPluginManager: Mounting plugin AndroidDeviceProfileSelector
LogPluginManager: Mounting plugin AndroidMoviePlayer
LogPluginManager: Mounting plugin AndroidPermission
LogPluginManager: Mounting plugin AppleMoviePlayer
LogPluginManager: Mounting plugin ArchVisCharacter
LogPluginManager: Mounting plugin AudioCapture
LogPluginManager: Mounting plugin CableComponent
LogPluginManager: Mounting plugin CustomMeshComponent
LogPluginManager: Mounting plugin EditableMesh
LogPluginManager: Mounting plugin ExampleDeviceProfileSelector
LogPluginManager: Mounting plugin Firebase
LogPluginManager: Mounting plugin GoogleCloudMessaging
LogPluginManager: Mounting plugin IOSDeviceProfileSelector
LogPluginManager: Mounting plugin LinuxDeviceProfileSelector
LogPluginManager: Mounting plugin LocationServicesBPLibrary
LogPluginManager: Mounting plugin MobilePatchingUtils
LogPluginManager: Mounting plugin OculusVR
LogPluginManager: Mounting plugin PhysXVehicles
LogPluginManager: Mounting plugin ProceduralMeshComponent
LogPluginManager: Mounting plugin RuntimePhysXCooking
LogPluginManager: Mounting plugin SignificanceManager
LogPluginManager: Mounting plugin SteamVR
LogPluginManager: Mounting plugin WebMMoviePlayer
LogPluginManager: Mounting plugin WindowsMoviePlayer
LogInit: Using libcurl 7.55.1-DEV
LogInit:  - built for x86_64-pc-win32
LogInit:  - supports SSL with OpenSSL/1.1.1
LogInit:  - supports HTTP deflate (compression) using libz 1.2.8
LogInit:  - other features:
LogInit:      CURL_VERSION_SSL
LogInit:      CURL_VERSION_LIBZ
LogInit:      CURL_VERSION_IPV6
LogInit:      CURL_VERSION_ASYNCHDNS
LogInit:      CURL_VERSION_LARGEFILE
LogInit:      CURL_VERSION_IDN
LogInit:  CurlRequestOptions (configurable via config and command line):
LogInit:  - bVerifyPeer = true  - Libcurl will verify peer certificate
LogInit:  - bUseHttpProxy = false  - Libcurl will NOT use HTTP proxy
LogInit:  - bDontReuseConnections = false  - Libcurl will reuse connections
LogInit:  - MaxHostConnections = 16  - Libcurl will limit the number of connections to a host
LogInit:  - LocalHostAddr = Default
LogInit:  - BufferSize = 65536
LogInit: WinSock: version 1.1 (2.2), MaxSocks=32767, MaxUdp=65467
LogInit: Build: ++UE4+Release-4.22-CL-5660361
LogInit: Engine Version: 4.22.0-5660361+++UE4+Release-4.22
LogInit: Compatible Engine Version: 4.22.0-5660361+++UE4+Release-4.22
LogInit: Net CL: 5660361
LogInit: OS: Windows 10 (Release 1809) (), CPU: Intel(R) Core(TM) i3-6100 CPU @ 3.70GHz, GPU: AMD Radeon (TM) R9 380 Series
LogInit: Compiled (64-bit): Mar 31 2019 02:05:09
LogInit: Compiled with Visual C++: 19.16.27025.01
LogInit: Build Configuration: Development
LogInit: Branch Name: ++UE4+Release-4.22
LogInit: Command Line: 
LogInit: Base Directory: C:/Program Files/Epic Games/UE_4.22/Engine/Binaries/Win64/
LogInit: Installed Engine Build: 1
LogDevObjectVersion: Number of dev versions registered: 23
LogDevObjectVersion:   Dev-Blueprints (B0D832E4-1F89-4F0D-ACCF-7EB736FD4AA2): 10
LogDevObjectVersion:   Dev-Build (E1C64328-A22C-4D53-A36C-8E866417BD8C): 0
LogDevObjectVersion:   Dev-Core (375EC13C-06E4-48FB-B500-84F0262A717E): 3
LogDevObjectVersion:   Dev-Editor (E4B068ED-F494-42E9-A231-DA0B2E46BB41): 30
LogDevObjectVersion:   Dev-Framework (CFFC743F-43B0-4480-9391-14DF171D2073): 35
LogDevObjectVersion:   Dev-Mobile (B02B49B5-BB20-44E9-A304-32B752E40360): 2
LogDevObjectVersion:   Dev-Networking (A4E4105C-59A1-49B5-A7C5-40C4547EDFEE): 0
LogDevObjectVersion:   Dev-Online (39C831C9-5AE6-47DC-9A44-9C173E1C8E7C): 0
LogDevObjectVersion:   Dev-Physics (78F01B33-EBEA-4F98-B9B4-84EACCB95AA2): 0
LogDevObjectVersion:   Dev-Platform (6631380F-2D4D-43E0-8009-CF276956A95A): 0
LogDevObjectVersion:   Dev-Rendering (12F88B9F-8875-4AFC-A67C-D90C383ABD29): 28
LogDevObjectVersion:   Dev-Sequencer (7B5AE74C-D270-4C10-A958-57980B212A5A): 11
LogDevObjectVersion:   Dev-VR (D7296918-1DD6-4BDD-9DE2-64A83CC13884): 2
LogDevObjectVersion:   Dev-LoadTimes (C2A15278-BFE7-4AFE-6C17-90FF531DF755): 1
LogDevObjectVersion:   Private-Geometry (6EACA3D4-40EC-4CC1-B786-8BED09428FC5): 3
LogDevObjectVersion:   Dev-AnimPhys (29E575DD-E0A3-4627-9D10-D276232CDCEA): 17
LogDevObjectVersion:   Dev-Anim (AF43A65D-7FD3-4947-9873-3E8ED9C1BB05): 2
LogDevObjectVersion:   Dev-ReflectionCapture (6B266CEC-1EC7-4B8F-A30B-E4D90942FC07): 1
LogDevObjectVersion:   Dev-Automation (0DF73D61-A23F-47EA-B727-89E90C41499A): 1
LogDevObjectVersion:   FortniteMain (601D1886-AC64-4F84-AA16-D3DE0DEAC7D6): 25
LogDevObjectVersion:   Dev-Enterprise (9DFFBCD6-494F-0158-E221-12823C92A888): 6
LogDevObjectVersion:   Dev-Niagara (F2AED0AC-9AFE-416F-8664-AA7FFA26D6FC): 1
LogDevObjectVersion:   Dev-Destruction (174F1F0B-B4C6-45A5-B13F-2EE8D0FB917D): 2
LogInit: Presizing for max 16777216 objects, including 0 objects not considered by GC, pre-allocating 0 bytes for permanent pool.
LogInit: Object subsystem initialized
LogConfig: Setting CVar [[con.DebugEarlyDefault:1]]
LogConfig: Setting CVar [[r.setres:1280x720]]
[2019.04.11-01.49.14:272][  0]LogConfig: Setting CVar [[r.VSync:0]]
[2019.04.11-01.49.14:272][  0]LogConfig: Setting CVar [[r.RHICmdBypass:0]]
[2019.04.11-01.49.14:272][  0]LogConfig: Applying CVar settings from Section [/Script/Engine.RendererSettings] File [C:/Users/Jordan Ellis/Documents/Unreal Projects/CurtisInventoryBlank/Saved/Config/Windows/Engine.ini]
[2019.04.11-01.49.14:272][  0]LogConfig: Setting CVar [[r.GPUCrashDebugging:0]]
[2019.04.11-01.49.14:272][  0]LogConfig: Setting CVar [[r.MobileHDR:1]]
[2019.04.11-01.49.14:272][  0]LogConfig: Setting CVar [[r.MobileNumDynamicPointLights:4]]
[2019.04.11-01.49.14:272][  0]LogConfig: Setting CVar [[r.MobileDynamicPointLightsUseStaticBranch:1]]
[2019.04.11-01.49.14:272][  0]LogConfig: Setting CVar [[r.AllowOcclusionQueries:1]]
[2019.04.11-01.49.14:272][  0]LogConfig: Setting CVar [[r.MinScreenRadiusForLights:0.030000]]
[2019.04.11-01.49.14:272][  0]LogConfig: Setting CVar [[r.MinScreenRadiusForDepthPrepass:0.030000]]
[2019.04.11-01.49.14:272][  0]LogConfig: Setting CVar [[r.PrecomputedVisibilityWarning:0]]
[2019.04.11-01.49.14:272][  0]LogConfig: Setting CVar [[r.TextureStreaming:1]]
[2019.04.11-01.49.14:272][  0]LogConfig: Setting CVar [[Compat.UseDXT5NormalMaps:0]]
[2019.04.11-01.49.14:272][  0]LogConfig: Setting CVar [[r.AllowStaticLighting:1]]
[2019.04.11-01.49.14:272][  0]LogConfig: Setting CVar [[r.NormalMapsForStaticLighting:0]]
[2019.04.11-01.49.14:272][  0]LogConfig: Setting CVar [[r.GenerateMeshDistanceFields:0]]
[2019.04.11-01.49.14:272][  0]LogConfig: Setting CVar [[r.GenerateLandscapeGIData:1]]
[2019.04.11-01.49.14:272][  0]LogConfig: Setting CVar [[r.TessellationAdaptivePixelsPerTriangle:48.000000]]
[2019.04.11-01.49.14:272][  0]LogConfig: Setting CVar [[r.SeparateTranslucency:1]]
[2019.04.11-01.49.14:272][  0]LogConfig: Setting CVar [[r.TranslucentSortPolicy:0]]
[2019.04.11-01.49.14:272][  0]LogConfig: Setting CVar [[r.CustomDepth:3]]
[2019.04.11-01.49.14:272][  0]LogConfig: Setting CVar [[r.DefaultFeature.Bloom:1]]
[2019.04.11-01.49.14:272][  0]LogConfig: Setting CVar [[r.DefaultFeature.AmbientOcclusion:1]]
[2019.04.11-01.49.14:272][  0]LogConfig: Setting CVar [[r.DefaultFeature.AmbientOcclusionStaticFraction:1]]
[2019.04.11-01.49.14:272][  0]LogConfig: Setting CVar [[r.DefaultFeature.AutoExposure:1]]
[2019.04.11-01.49.14:272][  0]LogConfig: Setting CVar [[r.DefaultFeature.MotionBlur:1]]
[2019.04.11-01.49.14:272][  0]LogConfig: Setting CVar [[r.DefaultFeature.LensFlare:1]]
[2019.04.11-01.49.14:272][  0]LogConfig: Setting CVar [[r.DefaultFeature.AntiAliasing:2]]
[2019.04.11-01.49.14:272][  0]LogConfig: Setting CVar [[r.EarlyZPass:3]]
[2019.04.11-01.49.14:273][  0]LogConfig: Setting CVar [[r.DBuffer:0]]
[2019.04.11-01.49.14:273][  0]LogConfig: Setting CVar [[r.ClearSceneMethod:1]]
[2019.04.11-01.49.14:273][  0]LogConfig: Setting CVar [[r.BasePassOutputsVelocity:0]]
[2019.04.11-01.49.14:273][  0]LogConfig: Setting CVar [[r.WireframeCullThreshold:5.000000]]
[2019.04.11-01.49.14:273][  0]LogConfig: Applying CVar settings from Section [/Script/Engine.RendererOverrideSettings] File [C:/Users/Jordan Ellis/Documents/Unreal Projects/CurtisInventoryBlank/Saved/Config/Windows/Engine.ini]
[2019.04.11-01.49.14:273][  0]LogConfig: Applying CVar settings from Section [/Script/Engine.StreamingSettings] File [C:/Users/Jordan Ellis/Documents/Unreal Projects/CurtisInventoryBlank/Saved/Config/Windows/Engine.ini]
[2019.04.11-01.49.14:273][  0]LogConfig: Setting CVar [[s.MinBulkDataSizeForAsyncLoading:131072]]
[2019.04.11-01.49.14:273][  0]LogConfig: Setting CVar [[s.AsyncLoadingThreadEnabled:0]]
[2019.04.11-01.49.14:273][  0]LogConfig: Setting CVar [[s.EventDrivenLoaderEnabled:1]]
[2019.04.11-01.49.14:273][  0]LogConfig: Setting CVar [[s.WarnIfTimeLimitExceeded:0]]
[2019.04.11-01.49.14:273][  0]LogConfig: Setting CVar [[s.TimeLimitExceededMultiplier:1.5]]
[2019.04.11-01.49.14:273][  0]LogConfig: Setting CVar [[s.TimeLimitExceededMinTime:0.005]]
[2019.04.11-01.49.14:273][  0]LogConfig: Setting CVar [[s.UseBackgroundLevelStreaming:1]]
[2019.04.11-01.49.14:273][  0]LogConfig: Setting CVar [[s.PriorityAsyncLoadingExtraTime:15.0]]
[2019.04.11-01.49.14:273][  0]LogConfig: Setting CVar [[s.LevelStreamingActorsUpdateTimeLimit:5.0]]
[2019.04.11-01.49.14:273][  0]LogConfig: Setting CVar [[s.PriorityLevelStreamingActorsUpdateExtraTime:5.0]]
[2019.04.11-01.49.14:273][  0]LogConfig: Setting CVar [[s.LevelStreamingComponentsRegistrationGranularity:10]]
[2019.04.11-01.49.14:273][  0]LogConfig: Setting CVar [[s.UnregisterComponentsTimeLimit:1.0]]
[2019.04.11-01.49.14:273][  0]LogConfig: Setting CVar [[s.LevelStreamingComponentsUnregistrationGranularity:5]]
[2019.04.11-01.49.14:273][  0]LogConfig: Applying CVar settings from Section [/Script/Engine.GarbageCollectionSettings] File [C:/Users/Jordan Ellis/Documents/Unreal Projects/CurtisInventoryBlank/Saved/Config/Windows/Engine.ini]
[2019.04.11-01.49.14:273][  0]LogConfig: Setting CVar [[gc.MaxObjectsNotConsideredByGC:1]]
[2019.04.11-01.49.14:273][  0]LogConfig: Setting CVar [[gc.SizeOfPermanentObjectPool:0]]
[2019.04.11-01.49.14:273][  0]LogConfig: Setting CVar [[gc.FlushStreamingOnGC:0]]
[2019.04.11-01.49.14:273][  0]LogConfig: Setting CVar [[gc.NumRetriesBeforeForcingGC:10]]
[2019.04.11-01.49.14:273][  0]LogConfig: Setting CVar [[gc.AllowParallelGC:1]]
[2019.04.11-01.49.14:273][  0]LogConfig: Setting CVar [[gc.TimeBetweenPurgingPendingKillObjects:61.1]]
[2019.04.11-01.49.14:273][  0]LogConfig: Setting CVar [[gc.MaxObjectsInEditor:16777216]]
[2019.04.11-01.49.14:273][  0]LogConfig: Setting CVar [[gc.IncrementalBeginDestroyEnabled:1]]
[2019.04.11-01.49.14:273][  0]LogConfig: Setting CVar [[gc.CreateGCClusters:1]]
[2019.04.11-01.49.14:273][  0]LogConfig: Setting CVar [[gc.MinGCClusterSize:5]]
[2019.04.11-01.49.14:273][  0]LogConfig: Setting CVar [[gc.ActorClusteringEnabled:0]]
[2019.04.11-01.49.14:273][  0]LogConfig: Setting CVar [[gc.BlueprintClusteringEnabled:0]]
[2019.04.11-01.49.14:273][  0]LogConfig: Setting CVar [[gc.UseDisregardForGCOnDedicatedServers:0]]
[2019.04.11-01.49.14:273][  0]LogConfig: Applying CVar settings from Section [/Script/Engine.NetworkSettings] File [C:/Users/Jordan Ellis/Documents/Unreal Projects/CurtisInventoryBlank/Saved/Config/Windows/Engine.ini]
[2019.04.11-01.49.14:273][  0]LogConfig: Applying CVar settings from Section [/Script/UnrealEd.CookerSettings] File [C:/Users/Jordan Ellis/Documents/Unreal Projects/CurtisInventoryBlank/Saved/Config/Windows/Engine.ini]
[2019.04.11-01.49.14:278][  0]LogConfig: Applying CVar settings from Section [ViewDistanceQuality@3] File [C:/Users/Jordan Ellis/Documents/Unreal Projects/CurtisInventoryBlank/Saved/Config/Windows/Scalability.ini]
[2019.04.11-01.49.14:279][  0]LogConfig: Setting CVar [[r.SkeletalMeshLODBias:0]]
[2019.04.11-01.49.14:279][  0]LogConfig: Setting CVar [[r.ViewDistanceScale:1.0]]
[2019.04.11-01.49.14:279][  0]LogConfig: Applying CVar settings from Section [AntiAliasingQuality@3] File [C:/Users/Jordan Ellis/Documents/Unreal Projects/CurtisInventoryBlank/Saved/Config/Windows/Scalability.ini]
[2019.04.11-01.49.14:279][  0]LogConfig: Setting CVar [[r.PostProcessAAQuality:4]]
[2019.04.11-01.49.14:279][  0]LogConfig: Applying CVar settings from Section [ShadowQuality@3] File [C:/Users/Jordan Ellis/Documents/Unreal Projects/CurtisInventoryBlank/Saved/Config/Windows/Scalability.ini]
[2019.04.11-01.49.14:279][  0]LogConfig: Setting CVar [[r.LightFunctionQuality:1]]
[2019.04.11-01.49.14:279][  0]LogConfig: Setting CVar [[r.ShadowQuality:5]]
[2019.04.11-01.49.14:279][  0]LogConfig: Setting CVar [[r.Shadow.CSM.MaxCascades:10]]
[2019.04.11-01.49.14:279][  0]LogConfig: Setting CVar [[r.Shadow.MaxResolution:2048]]
[2019.04.11-01.49.14:279][  0]LogConfig: Setting CVar [[r.Shadow.MaxCSMResolution:2048]]
[2019.04.11-01.49.14:279][  0]LogConfig: Setting CVar [[r.Shadow.RadiusThreshold:0.01]]
[2019.04.11-01.49.14:279][  0]LogConfig: Setting CVar [[r.Shadow.DistanceScale:1.0]]
[2019.04.11-01.49.14:279][  0]LogConfig: Setting CVar [[r.Shadow.CSM.TransitionScale:1.0]]
[2019.04.11-01.49.14:279][  0]LogConfig: Setting CVar [[r.Shadow.PreShadowResolutionFactor:1.0]]
[2019.04.11-01.49.14:279][  0]LogConfig: Setting CVar [[r.DistanceFieldShadowing:1]]
[2019.04.11-01.49.14:279][  0]LogConfig: Setting CVar [[r.DistanceFieldAO:1]]
[2019.04.11-01.49.14:279][  0]LogConfig: Setting CVar [[r.AOQuality:2]]
[2019.04.11-01.49.14:279][  0]LogConfig: Setting CVar [[r.VolumetricFog:1]]
[2019.04.11-01.49.14:279][  0]LogConfig: Setting CVar [[r.VolumetricFog.GridPixelSize:8]]
[2019.04.11-01.49.14:279][  0]LogConfig: Setting CVar [[r.VolumetricFog.GridSizeZ:128]]
[2019.04.11-01.49.14:279][  0]LogConfig: Setting CVar [[r.VolumetricFog.HistoryMissSupersampleCount:4]]
[2019.04.11-01.49.14:279][  0]LogConfig: Setting CVar [[r.LightMaxDrawDistanceScale:1]]
[2019.04.11-01.49.14:279][  0]LogConfig: Setting CVar [[r.CapsuleShadows:1]]
[2019.04.11-01.49.14:279][  0]LogConfig: Applying CVar settings from Section [PostProcessQuality@3] File [C:/Users/Jordan Ellis/Documents/Unreal Projects/CurtisInventoryBlank/Saved/Config/Windows/Scalability.ini]
[2019.04.11-01.49.14:279][  0]LogConfig: Setting CVar [[r.MotionBlurQuality:4]]
[2019.04.11-01.49.14:279][  0]LogConfig: Setting CVar [[r.AmbientOcclusionMipLevelFactor:0.4]]
[2019.04.11-01.49.14:279][  0]LogConfig: Setting CVar [[r.AmbientOcclusionMaxQuality:100]]
[2019.04.11-01.49.14:279][  0]LogConfig: Setting CVar [[r.AmbientOcclusionLevels:-1]]
[2019.04.11-01.49.14:279][  0]LogConfig: Setting CVar [[r.AmbientOcclusionRadiusScale:1.0]]
[2019.04.11-01.49.14:279][  0]LogConfig: Setting CVar [[r.DepthOfFieldQuality:2]]
[2019.04.11-01.49.14:279][  0]LogConfig: Setting CVar [[r.RenderTargetPoolMin:400]]
[2019.04.11-01.49.14:279][  0]LogConfig: Setting CVar [[r.LensFlareQuality:2]]
[2019.04.11-01.49.14:279][  0]LogConfig: Setting CVar [[r.SceneColorFringeQuality:1]]
[2019.04.11-01.49.14:279][  0]LogConfig: Setting CVar [[r.EyeAdaptationQuality:2]]
[2019.04.11-01.49.14:279][  0]LogConfig: Setting CVar [[r.BloomQuality:5]]
[2019.04.11-01.49.14:279][  0]LogConfig: Setting CVar [[r.FastBlurThreshold:100]]
[2019.04.11-01.49.14:279][  0]LogConfig: Setting CVar [[r.Upscale.Quality:3]]
[2019.04.11-01.49.14:279][  0]LogConfig: Setting CVar [[r.Tonemapper.GrainQuantization:1]]
[2019.04.11-01.49.14:279][  0]LogConfig: Setting CVar [[r.LightShaftQuality:1]]
[2019.04.11-01.49.14:279][  0]LogConfig: Setting CVar [[r.Filter.SizeScale:1]]
[2019.04.11-01.49.14:279][  0]LogConfig: Setting CVar [[r.Tonemapper.Quality:5]]
[2019.04.11-01.49.14:279][  0]LogConfig: Setting CVar [[r.DOF.Gather.AccumulatorQuality:1        ; higher gathering accumulator quality]]
[2019.04.11-01.49.14:279][  0]LogConfig: Setting CVar [[r.DOF.Gather.PostfilterMethod:1          ; Median3x3 postfilering method]]
[2019.04.11-01.49.14:279][  0]LogConfig: Setting CVar [[r.DOF.Gather.EnableBokehSettings:0       ; no bokeh simulation when gathering]]
[2019.04.11-01.49.14:279][  0]LogConfig: Setting CVar [[r.DOF.Gather.RingCount:4                 ; medium number of samples when gathering]]
[2019.04.11-01.49.14:279][  0]LogConfig: Setting CVar [[r.DOF.Scatter.ForegroundCompositing:1    ; additive foreground scattering]]
[2019.04.11-01.49.14:279][  0]LogConfig: Setting CVar [[r.DOF.Scatter.BackgroundCompositing:2    ; additive background scattering]]
[2019.04.11-01.49.14:279][  0]LogConfig: Setting CVar [[r.DOF.Scatter.EnableBokehSettings:1      ; bokeh simulation when scattering]]
[2019.04.11-01.49.14:279][  0]LogConfig: Setting CVar [[r.DOF.Scatter.MaxSpriteRatio:0.1         ; only a maximum of 10% of scattered bokeh]]
[2019.04.11-01.49.14:279][  0]LogConfig: Setting CVar [[r.DOF.Recombine.Quality:1                ; cheap slight out of focus]]
[2019.04.11-01.49.14:279][  0]LogConfig: Setting CVar [[r.DOF.Recombine.EnableBokehSettings:0    ; no bokeh simulation on slight out of focus]]
[2019.04.11-01.49.14:279][  0]LogConfig: Setting CVar [[r.DOF.TemporalAAQuality:1                ; more stable temporal accumulation]]
[2019.04.11-01.49.14:279][  0]LogConfig: Setting CVar [[r.DOF.Kernel.MaxForegroundRadius:0.025]]
[2019.04.11-01.49.14:279][  0]LogConfig: Setting CVar [[r.DOF.Kernel.MaxBackgroundRadius:0.025]]
[2019.04.11-01.49.14:279][  0]LogConfig: Applying CVar settings from Section [TextureQuality@3] File [C:/Users/Jordan Ellis/Documents/Unreal Projects/CurtisInventoryBlank/Saved/Config/Windows/Scalability.ini]
[2019.04.11-01.49.14:279][  0]LogConfig: Setting CVar [[r.Streaming.MipBias:0]]
[2019.04.11-01.49.14:279][  0]LogConfig: Setting CVar [[r.Streaming.AmortizeCPUToGPUCopy:0]]
[2019.04.11-01.49.14:279][  0]LogConfig: Setting CVar [[r.Streaming.MaxNumTexturesToStreamPerFrame:0]]
[2019.04.11-01.49.14:279][  0]LogConfig: Setting CVar [[r.Streaming.Boost:1]]
[2019.04.11-01.49.14:279][  0]LogConfig: Setting CVar [[r.MaxAnisotropy:8]]
[2019.04.11-01.49.14:279][  0]LogConfig: Setting CVar [[r.Streaming.LimitPoolSizeToVRAM:0]]
[2019.04.11-01.49.14:279][  0]LogConfig: Setting CVar [[r.Streaming.PoolSize:1000]]
[2019.04.11-01.49.14:279][  0]LogConfig: Setting CVar [[r.Streaming.MaxEffectiveScreenSize:0]]
[2019.04.11-01.49.14:279][  0]LogConfig: Applying CVar settings from Section [EffectsQuality@3] File [C:/Users/Jordan Ellis/Documents/Unreal Projects/CurtisInventoryBlank/Saved/Config/Windows/Scalability.ini]
[2019.04.11-01.49.14:280][  0]LogConfig: Setting CVar [[r.TranslucencyLightingVolumeDim:64]]
[2019.04.11-01.49.14:280][  0]LogConfig: Setting CVar [[r.RefractionQuality:2]]
[2019.04.11-01.49.14:280][  0]LogConfig: Setting CVar [[r.SSR.Quality:3]]
[2019.04.11-01.49.14:280][  0]LogConfig: Setting CVar [[r.SceneColorFormat:4]]
[2019.04.11-01.49.14:280][  0]LogConfig: Setting CVar [[r.DetailMode:2]]
[2019.04.11-01.49.14:280][  0]LogConfig: Setting CVar [[r.TranslucencyVolumeBlur:1]]
[2019.04.11-01.49.14:280][  0]LogConfig: Setting CVar [[r.MaterialQualityLevel:1 ; High quality]]
[2019.04.11-01.49.14:280][  0]LogConfig: Setting CVar [[r.SSS.Scale:1]]
[2019.04.11-01.49.14:280][  0]LogConfig: Setting CVar [[r.SSS.SampleSet:2]]
[2019.04.11-01.49.14:280][  0]LogConfig: Setting CVar [[r.SSS.Quality:1]]
[2019.04.11-01.49.14:280][  0]LogConfig: Setting CVar [[r.SSS.HalfRes:1]]
[2019.04.11-01.49.14:280][  0]LogConfig: Setting CVar [[r.EmitterSpawnRateScale:1.0]]
[2019.04.11-01.49.14:280][  0]LogConfig: Setting CVar [[r.ParticleLightQuality:2]]
[2019.04.11-01.49.14:280][  0]LogConfig: Applying CVar settings from Section [FoliageQuality@3] File [C:/Users/Jordan Ellis/Documents/Unreal Projects/CurtisInventoryBlank/Saved/Config/Windows/Scalability.ini]
[2019.04.11-01.49.14:280][  0]LogConfig: Setting CVar [[foliage.DensityScale:1.0]]
[2019.04.11-01.49.14:280][  0]LogConfig: Setting CVar [[grass.DensityScale:1.0]]
[2019.04.11-01.49.14:280][  0]LogInit: Selected Device Profile: [Windows]
[2019.04.11-01.49.14:280][  0]LogInit: Applying CVar settings loaded from the selected device profile: [Windows]
[2019.04.11-01.49.14:288][  0]LogHAL: Display: Platform has ~ 8 GB [8537313280 / 8589934592 / 8], which maps to Default [LargestMinGB=32, LargerMinGB=12, DefaultMinGB=8, SmallerMinGB=6, SmallestMinGB=0)
[2019.04.11-01.49.14:289][  0]LogConfig: Setting CVar [[r.Vulkan.UseRealUBs:0		; Required until we fix HLR fall-out]]
[2019.04.11-01.49.14:289][  0]LogInit: Going up to parent DeviceProfile []
[2019.04.11-01.49.14:298][  0]LogConfig: Applying CVar settings from Section [ViewDistanceQuality@0] File [C:/Users/Jordan Ellis/Documents/Unreal Projects/CurtisInventoryBlank/Saved/Config/Windows/Scalability.ini]
[2019.04.11-01.49.14:298][  0]LogConfig: Setting CVar [[r.SkeletalMeshLODBias:2]]
[2019.04.11-01.49.14:298][  0]LogConfig: Setting CVar [[r.ViewDistanceScale:0.4]]
[2019.04.11-01.49.14:298][  0]LogConfig: Applying CVar settings from Section [AntiAliasingQuality@Cine] File [C:/Users/Jordan Ellis/Documents/Unreal Projects/CurtisInventoryBlank/Saved/Config/Windows/Scalability.ini]
[2019.04.11-01.49.14:298][  0]LogConfig: Setting CVar [[r.PostProcessAAQuality:6]]
[2019.04.11-01.49.14:298][  0]LogConfig: Applying CVar settings from Section [ShadowQuality@Cine] File [C:/Users/Jordan Ellis/Documents/Unreal Projects/CurtisInventoryBlank/Saved/Config/Windows/Scalability.ini]
[2019.04.11-01.49.14:298][  0]LogConfig: Setting CVar [[r.LightFunctionQuality:1]]
[2019.04.11-01.49.14:298][  0]LogConfig: Setting CVar [[r.ShadowQuality:5]]
[2019.04.11-01.49.14:298][  0]LogConfig: Setting CVar [[r.Shadow.CSM.MaxCascades:10]]
[2019.04.11-01.49.14:298][  0]LogConfig: Setting CVar [[r.Shadow.MaxResolution:4096]]
[2019.04.11-01.49.14:298][  0]LogConfig: Setting CVar [[r.Shadow.MaxCSMResolution:4096]]
[2019.04.11-01.49.14:298][  0]LogConfig: Setting CVar [[r.Shadow.RadiusThreshold:0]]
[2019.04.11-01.49.14:298][  0]LogConfig: Setting CVar [[r.Shadow.DistanceScale:1.0]]
[2019.04.11-01.49.14:298][  0]LogConfig: Setting CVar [[r.Shadow.CSM.TransitionScale:1.0]]
[2019.04.11-01.49.14:298][  0]LogConfig: Setting CVar [[r.Shadow.PreShadowResolutionFactor:1.0]]
[2019.04.11-01.49.14:298][  0]LogConfig: Setting CVar [[r.DistanceFieldShadowing:1]]
[2019.04.11-01.49.14:298][  0]LogConfig: Setting CVar [[r.DistanceFieldAO:1]]
[2019.04.11-01.49.14:298][  0]LogConfig: Setting CVar [[r.AOQuality:2]]
[2019.04.11-01.49.14:298][  0]LogConfig: Setting CVar [[r.VolumetricFog:1]]
[2019.04.11-01.49.14:298][  0]LogConfig: Setting CVar [[r.VolumetricFog.GridPixelSize:4]]
[2019.04.11-01.49.14:298][  0]LogConfig: Setting CVar [[r.VolumetricFog.GridSizeZ:128]]
[2019.04.11-01.49.14:298][  0]LogConfig: Setting CVar [[r.VolumetricFog.HistoryMissSupersampleCount:16]]
[2019.04.11-01.49.14:298][  0]LogConfig: Setting CVar [[r.LightMaxDrawDistanceScale:1]]
[2019.04.11-01.49.14:298][  0]LogConfig: Setting CVar [[r.CapsuleShadows:1]]
[2019.04.11-01.49.14:298][  0]LogConfig: Applying CVar settings from Section [PostProcessQuality@Cine] File [C:/Users/Jordan Ellis/Documents/Unreal Projects/CurtisInventoryBlank/Saved/Config/Windows/Scalability.ini]
[2019.04.11-01.49.14:298][  0]LogConfig: Setting CVar [[r.MotionBlurQuality:4]]
[2019.04.11-01.49.14:298][  0]LogConfig: Setting CVar [[r.AmbientOcclusionMipLevelFactor:0.4]]
[2019.04.11-01.49.14:298][  0]LogConfig: Setting CVar [[r.AmbientOcclusionMaxQuality:100]]
[2019.04.11-01.49.14:298][  0]LogConfig: Setting CVar [[r.AmbientOcclusionLevels:-1]]
[2019.04.11-01.49.14:298][  0]LogConfig: Setting CVar [[r.AmbientOcclusionRadiusScale:1.0]]
[2019.04.11-01.49.14:298][  0]LogConfig: Setting CVar [[r.DepthOfFieldQuality:4]]
[2019.04.11-01.49.14:298][  0]LogConfig: Setting CVar [[r.RenderTargetPoolMin:1000]]
[2019.04.11-01.49.14:298][  0]LogConfig: Setting CVar [[r.LensFlareQuality:3]]
[2019.04.11-01.49.14:298][  0]LogConfig: Setting CVar [[r.SceneColorFringeQuality:1]]
[2019.04.11-01.49.14:298][  0]LogConfig: Setting CVar [[r.EyeAdaptationQuality:2]]
[2019.04.11-01.49.14:298][  0]LogConfig: Setting CVar [[r.BloomQuality:5]]
[2019.04.11-01.49.14:298][  0]LogConfig: Setting CVar [[r.FastBlurThreshold:100]]
[2019.04.11-01.49.14:298][  0]LogConfig: Setting CVar [[r.Upscale.Quality:3]]
[2019.04.11-01.49.14:298][  0]LogConfig: Setting CVar [[r.Tonemapper.GrainQuantization:1]]
[2019.04.11-01.49.14:298][  0]LogConfig: Setting CVar [[r.LightShaftQuality:1]]
[2019.04.11-01.49.14:298][  0]LogConfig: Setting CVar [[r.Filter.SizeScale:1]]
[2019.04.11-01.49.14:298][  0]LogConfig: Setting CVar [[r.Tonemapper.Quality:5]]
[2019.04.11-01.49.14:298][  0]LogConfig: Setting CVar [[r.DOF.Gather.AccumulatorQuality:1        ; higher gathering accumulator quality]]
[2019.04.11-01.49.14:299][  0]LogConfig: Setting CVar [[r.DOF.Gather.PostfilterMethod:1          ; Median3x3 postfilering method]]
[2019.04.11-01.49.14:299][  0]LogConfig: Setting CVar [[r.DOF.Gather.EnableBokehSettings:1       ; bokeh simulation when gathering]]
[2019.04.11-01.49.14:299][  0]LogConfig: Setting CVar [[r.DOF.Gather.RingCount:5                 ; high number of samples when gathering]]
[2019.04.11-01.49.14:299][  0]LogConfig: Setting CVar [[r.DOF.Scatter.ForegroundCompositing:1    ; additive foreground scattering]]
[2019.04.11-01.49.14:299][  0]LogConfig: Setting CVar [[r.DOF.Scatter.BackgroundCompositing:2    ; background scattering occlusion]]
[2019.04.11-01.49.14:299][  0]LogConfig: Setting CVar [[r.DOF.Scatter.EnableBokehSettings:1      ; no bokeh simulation when scattering]]
[2019.04.11-01.49.14:299][  0]LogConfig: Setting CVar [[r.DOF.Scatter.MaxSpriteRatio:0.1         ; only a maximum of 10% of scattered bokeh]]
[2019.04.11-01.49.14:299][  0]LogConfig: Setting CVar [[r.DOF.Recombine.Quality:2                ; highest slight out of focus]]
[2019.04.11-01.49.14:299][  0]LogConfig: Setting CVar [[r.DOF.Recombine.EnableBokehSettings:1    ; bokeh simulation on slight out of focus]]
[2019.04.11-01.49.14:299][  0]LogConfig: Setting CVar [[r.DOF.TemporalAAQuality:1                ; more stable temporal accumulation]]
[2019.04.11-01.49.14:299][  0]LogConfig: Setting CVar [[r.DOF.Kernel.MaxForegroundRadius:0.025]]
[2019.04.11-01.49.14:299][  0]LogConfig: Setting CVar [[r.DOF.Kernel.MaxBackgroundRadius:0.025]]
[2019.04.11-01.49.14:299][  0]LogConfig: Applying CVar settings from Section [TextureQuality@Cine] File [C:/Users/Jordan Ellis/Documents/Unreal Projects/CurtisInventoryBlank/Saved/Config/Windows/Scalability.ini]
[2019.04.11-01.49.14:299][  0]LogConfig: Setting CVar [[r.Streaming.MipBias:0]]
[2019.04.11-01.49.14:299][  0]LogConfig: Setting CVar [[r.Streaming.AmortizeCPUToGPUCopy:0]]
[2019.04.11-01.49.14:299][  0]LogConfig: Setting CVar [[r.Streaming.MaxNumTexturesToStreamPerFrame:0]]
[2019.04.11-01.49.14:299][  0]LogConfig: Setting CVar [[r.Streaming.Boost:1]]
[2019.04.11-01.49.14:299][  0]LogConfig: Setting CVar [[r.MaxAnisotropy:8]]
[2019.04.11-01.49.14:299][  0]LogConfig: Setting CVar [[r.Streaming.LimitPoolSizeToVRAM:0]]
[2019.04.11-01.49.14:299][  0]LogConfig: Setting CVar [[r.Streaming.PoolSize:3000]]
[2019.04.11-01.49.14:299][  0]LogConfig: Setting CVar [[r.Streaming.MaxEffectiveScreenSize:0]]
[2019.04.11-01.49.14:299][  0]LogConfig: Applying CVar settings from Section [EffectsQuality@Cine] File [C:/Users/Jordan Ellis/Documents/Unreal Projects/CurtisInventoryBlank/Saved/Config/Windows/Scalability.ini]
[2019.04.11-01.49.14:299][  0]LogConfig: Setting CVar [[r.TranslucencyLightingVolumeDim:64]]
[2019.04.11-01.49.14:299][  0]LogConfig: Setting CVar [[r.RefractionQuality:2]]
[2019.04.11-01.49.14:299][  0]LogConfig: Setting CVar [[r.SSR.Quality:4]]
[2019.04.11-01.49.14:299][  0]LogConfig: Setting CVar [[r.SceneColorFormat:4]]
[2019.04.11-01.49.14:299][  0]LogConfig: Setting CVar [[r.DetailMode:2]]
[2019.04.11-01.49.14:299][  0]LogConfig: Setting CVar [[r.TranslucencyVolumeBlur:1]]
[2019.04.11-01.49.14:299][  0]LogConfig: Setting CVar [[r.MaterialQualityLevel:1 ; High quality]]
[2019.04.11-01.49.14:299][  0]LogConfig: Setting CVar [[r.SSS.Scale:1]]
[2019.04.11-01.49.14:299][  0]LogConfig: Setting CVar [[r.SSS.SampleSet:2]]
[2019.04.11-01.49.14:299][  0]LogConfig: Setting CVar [[r.SSS.Quality:1]]
[2019.04.11-01.49.14:299][  0]LogConfig: Setting CVar [[r.SSS.HalfRes:0]]
[2019.04.11-01.49.14:299][  0]LogConfig: Setting CVar [[r.EmitterSpawnRateScale:1.0]]
[2019.04.11-01.49.14:299][  0]LogConfig: Setting CVar [[r.ParticleLightQuality:2]]
[2019.04.11-01.49.14:299][  0]LogConfig: Applying CVar settings from Section [FoliageQuality@Cine] File [C:/Users/Jordan Ellis/Documents/Unreal Projects/CurtisInventoryBlank/Saved/Config/Windows/Scalability.ini]
[2019.04.11-01.49.14:299][  0]LogConfig: Setting CVar [[foliage.DensityScale:1.0]]
[2019.04.11-01.49.14:299][  0]LogConfig: Setting CVar [[grass.DensityScale:1.0]]
[2019.04.11-01.49.14:299][  0]LogConfig: Applying CVar settings from Section [Startup] File [../../../Engine/Config/ConsoleVariables.ini]
[2019.04.11-01.49.14:306][  0]LogConfig: Setting CVar [[net.UseAdaptiveNetUpdateFrequency:0]]
[2019.04.11-01.49.14:306][  0]LogConfig: Setting CVar [[p.chaos.AllowCreatePhysxBodies:1]]
[2019.04.11-01.49.14:306][  0]LogConfig: Applying CVar settings from Section [ConsoleVariables] File [C:/Users/Jordan Ellis/Documents/Unreal Projects/CurtisInventoryBlank/Saved/Config/Windows/Engine.ini]
[2019.04.11-01.49.14:313][  0]LogInit: Computer: HUNTED
[2019.04.11-01.49.14:313][  0]LogInit: User: JordanEllis
[2019.04.11-01.49.14:313][  0]LogInit: CPU Page size=4096, Cores=2
[2019.04.11-01.49.14:313][  0]LogInit: High frequency timer resolution =10.000000 MHz
[2019.04.11-01.49.14:313][  0]LogMemory: Memory total: Physical=8.0GB (8GB approx)
[2019.04.11-01.49.14:313][  0]LogMemory: Platform Memory Stats for Windows
[2019.04.11-01.49.14:313][  0]LogMemory: Process Physical Memory: 96.34 MB used, 96.35 MB peak
[2019.04.11-01.49.14:313][  0]LogMemory: Process Virtual Memory: 91.48 MB used, 91.48 MB peak
[2019.04.11-01.49.14:313][  0]LogMemory: Physical Memory: 4667.30 MB used,  3474.52 MB free, 8141.82 MB total
[2019.04.11-01.49.14:313][  0]LogMemory: Virtual Memory: 4641.40 MB used,  134213088.00 MB free, 134217728.00 MB total
[2019.04.11-01.49.14:393][  0]LogInit: Using OS detected language (en-US).
[2019.04.11-01.49.14:393][  0]LogInit: Using OS detected locale (en-US).
[2019.04.11-01.49.14:395][  0]LogTextLocalizationManager: No specific localization for 'en-US' exists, so the 'en' localization will be used.
[2019.04.11-01.49.14:686][  0]LogInit: Setting process to per monitor DPI aware
[2019.04.11-01.49.14:746][  0]LogSlate: New Slate User Created.  User Index 0, Is Virtual User: 0
[2019.04.11-01.49.14:746][  0]LogSlate: Slate User Registered.  User Index 0, Is Virtual User: 0
[2019.04.11-01.49.15:157][  0]LogHMD: Failed to initialize OpenVR with code 110
[2019.04.11-01.49.15:157][  0]LogD3D11RHI: D3D11 adapters:
[2019.04.11-01.49.15:201][  0]LogD3D11RHI:    0. 'AMD Radeon (TM) R9 380 Series' (Feature Level 11_0)
[2019.04.11-01.49.15:201][  0]LogD3D11RHI:       4071/0/4070 MB DedicatedVideo/DedicatedSystem/SharedSystem, Outputs:1, VendorId:0x1002
[2019.04.11-01.49.15:205][  0]LogD3D11RHI:    1. 'Microsoft Basic Render Driver' (Feature Level 11_0)
[2019.04.11-01.49.15:205][  0]LogD3D11RHI:       0/0/4070 MB DedicatedVideo/DedicatedSystem/SharedSystem, Outputs:0, VendorId:0x1414
[2019.04.11-01.49.15:205][  0]LogD3D11RHI: Chosen D3D11 Adapter: 0
[2019.04.11-01.49.15:214][  0]LogD3D11RHI: Creating new Direct3DDevice
[2019.04.11-01.49.15:214][  0]LogD3D11RHI:     GPU DeviceId: 0x6938 (for the marketing name, search the web for "GPU Device Id")
[2019.04.11-01.49.15:215][  0]LogWindows: EnumDisplayDevices:
[2019.04.11-01.49.15:216][  0]LogWindows:    0. 'AMD Radeon (TM) R9 380 Series' (P:1 D:1)
[2019.04.11-01.49.15:216][  0]LogWindows:    1. 'AMD Radeon (TM) R9 380 Series' (P:0 D:0)
[2019.04.11-01.49.15:217][  0]LogWindows:    2. 'AMD Radeon (TM) R9 380 Series' (P:0 D:0)
[2019.04.11-01.49.15:218][  0]LogWindows:    3. 'AMD Radeon (TM) R9 380 Series' (P:0 D:0)
[2019.04.11-01.49.15:218][  0]LogWindows:    4. 'AMD Radeon (TM) R9 380 Series' (P:0 D:0)
[2019.04.11-01.49.15:219][  0]LogWindows:    5. 'AMD Radeon (TM) R9 380 Series' (P:0 D:0)
[2019.04.11-01.49.15:220][  0]LogWindows:    6. 'AMD Radeon (TM) R9 380 Series' (P:0 D:0)
[2019.04.11-01.49.15:220][  0]LogWindows:    7. 'AMD Radeon (TM) R9 380 Series' (P:0 D:0)
[2019.04.11-01.49.15:221][  0]LogWindows: DebugString: FoundDriverCount:8 
[2019.04.11-01.49.15:221][  0]LogD3D11RHI:     Adapter Name: AMD Radeon (TM) R9 380 Series
[2019.04.11-01.49.15:222][  0]LogD3D11RHI:   Driver Version: Adrenalin 2019 19.1.1 (internal:25.20.15011.1004, unified:25.20.15011.1004)
[2019.04.11-01.49.15:222][  0]LogD3D11RHI:      Driver Date: 1-9-2019
[2019.04.11-01.49.15:222][  0]LogRHI: Texture pool is 2850 MB (70% of 4071 MB)
[2019.04.11-01.49.15:302][  0]LogD3D11RHI: Async texture creation enabled
[2019.04.11-01.49.15:310][  0]LogRendererCore: FGlobalReadBuffer::InitRHI
[2019.04.11-01.49.15:311][  0]LogRendererCore: FGlobalReadBuffer::InitRHI
[2019.04.11-01.49.15:311][  0]LogRendererCore: FGlobalReadBuffer::InitRHI
[2019.04.11-01.49.15:317][  0]LogD3D11RHI: GPU Timing Frequency: 27.000000 (Debug: 2 1)
[2019.04.11-01.49.15:823][  0]LogTemp: Display: Module 'AllDesktopTargetPlatform' loaded TargetPlatform 'AllDesktop'
[2019.04.11-01.49.15:840][  0]LogTemp: Display: Module 'MacClientTargetPlatform' loaded TargetPlatform 'MacClient'
[2019.04.11-01.49.15:858][  0]LogTemp: Display: Module 'MacNoEditorTargetPlatform' loaded TargetPlatform 'MacNoEditor'
[2019.04.11-01.49.15:872][  0]LogTemp: Display: Module 'MacServerTargetPlatform' loaded TargetPlatform 'MacServer'
[2019.04.11-01.49.15:887][  0]LogTemp: Display: Module 'MacTargetPlatform' loaded TargetPlatform 'Mac'
[2019.04.11-01.49.15:901][  0]LogTemp: Display: Module 'WindowsClientTargetPlatform' loaded TargetPlatform 'WindowsClient'
[2019.04.11-01.49.15:916][  0]LogTemp: Display: Module 'WindowsNoEditorTargetPlatform' loaded TargetPlatform 'WindowsNoEditor'
[2019.04.11-01.49.15:929][  0]LogTemp: Display: Module 'WindowsServerTargetPlatform' loaded TargetPlatform 'WindowsServer'
[2019.04.11-01.49.15:936][  0]LogTemp: Display: Module 'WindowsTargetPlatform' loaded TargetPlatform 'Windows'
[2019.04.11-01.49.16:021][  0]LogTemp: Display: Module 'AndroidTargetPlatform' loaded TargetPlatform 'Android'
[2019.04.11-01.49.16:021][  0]LogTemp: Display: Module 'AndroidTargetPlatform' loaded TargetPlatform 'Android_ASTC'
[2019.04.11-01.49.16:021][  0]LogTemp: Display: Module 'AndroidTargetPlatform' loaded TargetPlatform 'Android_ATC'
[2019.04.11-01.49.16:021][  0]LogTemp: Display: Module 'AndroidTargetPlatform' loaded TargetPlatform 'Android_DXT'
[2019.04.11-01.49.16:021][  0]LogTemp: Display: Module 'AndroidTargetPlatform' loaded TargetPlatform 'Android_ETC1'
[2019.04.11-01.49.16:021][  0]LogTemp: Display: Module 'AndroidTargetPlatform' loaded TargetPlatform 'Android_ETC1a'
[2019.04.11-01.49.16:021][  0]LogTemp: Display: Module 'AndroidTargetPlatform' loaded TargetPlatform 'Android_ETC2'
[2019.04.11-01.49.16:021][  0]LogTemp: Display: Module 'AndroidTargetPlatform' loaded TargetPlatform 'Android_PVRTC'
[2019.04.11-01.49.16:021][  0]LogTemp: Display: Module 'AndroidTargetPlatform' loaded TargetPlatform 'AndroidClient'
[2019.04.11-01.49.16:021][  0]LogTemp: Display: Module 'AndroidTargetPlatform' loaded TargetPlatform 'Android_ASTCClient'
[2019.04.11-01.49.16:021][  0]LogTemp: Display: Module 'AndroidTargetPlatform' loaded TargetPlatform 'Android_ATCClient'
[2019.04.11-01.49.16:021][  0]LogTemp: Display: Module 'AndroidTargetPlatform' loaded TargetPlatform 'Android_DXTClient'
[2019.04.11-01.49.16:021][  0]LogTemp: Display: Module 'AndroidTargetPlatform' loaded TargetPlatform 'Android_ETC1Client'
[2019.04.11-01.49.16:021][  0]LogTemp: Display: Module 'AndroidTargetPlatform' loaded TargetPlatform 'Android_ETC1aClient'
[2019.04.11-01.49.16:021][  0]LogTemp: Display: Module 'AndroidTargetPlatform' loaded TargetPlatform 'Android_ETC2Client'
[2019.04.11-01.49.16:021][  0]LogTemp: Display: Module 'AndroidTargetPlatform' loaded TargetPlatform 'Android_PVRTCClient'
[2019.04.11-01.49.16:021][  0]LogTemp: Display: Module 'AndroidTargetPlatform' loaded TargetPlatform 'Android_Multi'
[2019.04.11-01.49.16:021][  0]LogTemp: Display: Module 'AndroidTargetPlatform' loaded TargetPlatform 'Android_MultiClient'
[2019.04.11-01.49.16:028][  0]LogTemp: Display: Module 'HTML5TargetPlatform' loaded TargetPlatform 'HTML5'
[2019.04.11-01.49.16:089][  0]LogTemp: Display: Module 'IOSTargetPlatform' loaded TargetPlatform 'IOSClient'
[2019.04.11-01.49.16:090][  0]LogTemp: Display: Module 'IOSTargetPlatform' loaded TargetPlatform 'IOS'
[2019.04.11-01.49.16:129][  0]LogTemp: Display: Module 'TVOSTargetPlatform' loaded TargetPlatform 'TVOSClient'
[2019.04.11-01.49.16:130][  0]LogTemp: Display: Module 'TVOSTargetPlatform' loaded TargetPlatform 'TVOS'
[2019.04.11-01.49.16:151][  0]LogTemp: Display: Module 'LinuxClientTargetPlatform' loaded TargetPlatform 'LinuxClient'
[2019.04.11-01.49.16:167][  0]LogTemp: Display: Module 'LinuxNoEditorTargetPlatform' loaded TargetPlatform 'LinuxNoEditor'
[2019.04.11-01.49.16:185][  0]LogTemp: Display: Module 'LinuxServerTargetPlatform' loaded TargetPlatform 'LinuxServer'
[2019.04.11-01.49.16:202][  0]LogTemp: Display: Module 'LinuxTargetPlatform' loaded TargetPlatform 'Linux'
[2019.04.11-01.49.16:247][  0]LogTemp: Display: Module 'LuminTargetPlatform' loaded TargetPlatform 'Lumin'
[2019.04.11-01.49.16:247][  0]LogTemp: Display: Module 'LuminTargetPlatform' loaded TargetPlatform 'LuminClient'
[2019.04.11-01.49.16:248][  0]LogTargetPlatformManager: Display: Building Assets For Windows
[2019.04.11-01.49.16:258][  0]LogAudioDebug: Display: Lib vorbis DLL was dynamically loaded.
[2019.04.11-01.49.16:330][  0]LogShaderCompilers: Guid format shader working directory is -30 characters bigger than the processId version (../../../../../../Users/Jordan Ellis/Documents/Unreal Projects/CurtisInventoryBlank/Intermediate/Shaders/WorkingDirectory/5712/).
[2019.04.11-01.49.16:330][  0]LogShaderCompilers: Cleaned the shader compiler working directory 'C:/Users/Jordan Ellis/AppData/Local/Temp/UnrealShaderWorkingDir/60B2AE1B46453A6B6CE7D2861BBAE07E/'.
[2019.04.11-01.49.16:332][  0]LogXGEController: Cleaning working directory: C:/Users/Jordan Ellis/AppData/Local/Temp/UnrealXGEWorkingDir/
[2019.04.11-01.49.16:332][  0]LogXGEController: Cannot use XGE Controller as Incredibuild is not installed on this machine.
[2019.04.11-01.49.16:332][  0]LogShaderCompilers: Cannot use XGE Shader Compiler as Incredibuild is not installed on this machine.
[2019.04.11-01.49.16:332][  0]LogShaderCompilers: Display: Using Local Shader Compiler.
[2019.04.11-01.49.17:105][  0]LogDerivedDataCache: Display: Max Cache Size: 512 MB
[2019.04.11-01.49.17:307][  0]LogDerivedDataCache: Loaded boot cache 0.20s 71MB C:/Users/Jordan Ellis/AppData/Local/UnrealEngine/4.22/DerivedDataCache/Boot.ddc.
[2019.04.11-01.49.17:307][  0]LogDerivedDataCache: Display: Loaded Boot cache: C:/Users/Jordan Ellis/AppData/Local/UnrealEngine/4.22/DerivedDataCache/Boot.ddc
[2019.04.11-01.49.17:307][  0]LogDerivedDataCache: FDerivedDataBackendGraph:  Pak pak cache file ../../../../../../Users/Jordan Ellis/Documents/Unreal Projects/CurtisInventoryBlank/DerivedDataCache/DDC.ddp not found, will not use a pak cache.
[2019.04.11-01.49.17:307][  0]LogDerivedDataCache: Unable to find inner node Pak for hierarchical cache Hierarchy.
[2019.04.11-01.49.17:307][  0]LogDerivedDataCache: FDerivedDataBackendGraph:  CompressedPak pak cache file ../../../../../../Users/Jordan Ellis/Documents/Unreal Projects/CurtisInventoryBlank/DerivedDataCache/Compressed.ddp not found, will not use a pak cache.
[2019.04.11-01.49.17:307][  0]LogDerivedDataCache: Unable to find inner node CompressedPak for hierarchical cache Hierarchy.
[2019.04.11-01.49.17:320][  0]LogDerivedDataCache: Display: Pak cache opened for reading ../../../Engine/DerivedDataCache/Compressed.ddp.
[2019.04.11-01.49.17:320][  0]LogDerivedDataCache: FDerivedDataBackendGraph:  EnterprisePak pak cache file ../../../Enterprise/DerivedDataCache/Compressed.ddp not found, will not use a pak cache.
[2019.04.11-01.49.17:320][  0]LogDerivedDataCache: Unable to find inner node EnterprisePak for hierarchical cache Hierarchy.
[2019.04.11-01.49.17:332][  0]LogDerivedDataCache: Using Local data cache path C:/Users/Jordan Ellis/AppData/Local/UnrealEngine/Common/DerivedDataCache: Writable
[2019.04.11-01.49.17:332][  0]LogDerivedDataCache: Shared data cache path not found in *engine.ini, will not use an Shared cache.
[2019.04.11-01.49.17:332][  0]LogDerivedDataCache: Unable to find inner node Shared for hierarchical cache Hierarchy.
[2019.04.11-01.49.17:360][  0]LogMaterial: Verifying Global Shaders for PCD3D_SM5
[2019.04.11-01.49.17:362][  0]LogSlate: Using FreeType 2.6.0
[2019.04.11-01.49.17:365][  0]LogSlate: SlateFontServices - WITH_FREETYPE: 1, WITH_HARFBUZZ: 1
[2019.04.11-01.49.17:537][  0]LogAssetRegistry: FAssetRegistry took 0.0347 seconds to start up
[2019.04.11-01.49.17:979][  0]LogInit: Selected Device Profile: [Windows]
[2019.04.11-01.49.18:174][  0]LogMeshReduction: Using QuadricMeshReduction for automatic static mesh reduction
[2019.04.11-01.49.18:174][  0]LogMeshReduction: Using SimplygonMeshReduction for automatic skeletal mesh reduction
[2019.04.11-01.49.18:174][  0]LogMeshReduction: Using ProxyLODMeshReduction for automatic mesh merging
[2019.04.11-01.49.18:174][  0]LogMeshReduction: No distributed automatic mesh merging module available
[2019.04.11-01.49.18:175][  0]LogMeshMerging: No distributed automatic mesh merging module available
[2019.04.11-01.49.18:195][  0]LogNetVersion: CurtisInventoryBlank 1.0.0, NetCL: 5660361, EngineNetVer: 10, GameNetVer: 0 (Checksum: 684298265)
[2019.04.11-01.49.18:712][  0]LogPackageLocalizationCache: Processed 10 localized package path(s) for 1 prioritized culture(s) in 0.028188 seconds
[2019.04.11-01.49.18:720][  0]LogUObjectArray: 42205 objects as part of root set at end of initial load.
[2019.04.11-01.49.18:720][  0]LogUObjectAllocator: 7325032 out of 0 bytes used by permanent object pool.
[2019.04.11-01.49.18:720][  0]LogUObjectArray: CloseDisregardForGC: 0/0 objects in disregard for GC pool
[2019.04.11-01.49.20:646][  0]LogTcpMessaging: Initializing TcpMessaging bridge
[2019.04.11-01.49.20:666][  0]LogUdpMessaging: Initializing bridge on interface 0.0.0.0:0 to multicast group 230.0.0.1:6666.
[2019.04.11-01.49.20:815][  0]SourceControl: Source control is disabled
[2019.04.11-01.49.20:815][  0]SourceControl: Source control is disabled
[2019.04.11-01.49.20:835][  0]SourceControl: Source control is disabled
[2019.04.11-01.49.20:837][  0]SourceControl: Source control is disabled
[2019.04.11-01.49.20:849][  0]LogVSAccessor: Display: Unable to create Visual Studio setup instance: 80040154
[2019.04.11-01.49.20:849][  0]LogVSAccessor: Display: Unable to create Visual Studio setup instance: 80040154
[2019.04.11-01.49.21:001][  0]LogAndroidPermission: UAndroidPermissionCallbackProxy::GetInstance
[2019.04.11-01.49.21:152][  0]LogOcInput: OculusInput pre-init called
[2019.04.11-01.49.21:943][  0]LogEngine: Initializing Engine...
[2019.04.11-01.49.21:945][  0]LogHMD: Failed to initialize OpenVR with code 110
[2019.04.11-01.49.21:948][  0]LogStats: UGameplayTagsManager::InitializeManager -  0.002 s
[2019.04.11-01.49.22:184][  0]LogInit: Initializing FReadOnlyCVARCache
[2019.04.11-01.49.22:210][  0]LogAIModule: Creating AISystem for world Untitled
[2019.04.11-01.49.22:243][  0]LogInit: XAudio2 using '4 - RT1970 (AMD High Definition Audio Device)' : 2 channels at 48 kHz using 16 bits per sample (channel mask 0x3)
[2019.04.11-01.49.22:264][  0]LogInit: FAudioDevice initialized.
[2019.04.11-01.49.22:264][  0]LogNetVersion: Set ProjectVersion to 1.9. Version Checksum will be recalculated on next use.
[2019.04.11-01.49.22:342][  0]LogDerivedDataCache: Saved boot cache 0.08s 71MB C:/Users/Jordan Ellis/AppData/Local/UnrealEngine/4.22/DerivedDataCache/Boot.ddc.
[2019.04.11-01.49.22:350][  0]LogInit: Texture streaming: Enabled
[2019.04.11-01.49.22:380][  0]LogEngineSessionManager: EngineSessionManager initialized
[2019.04.11-01.49.22:410][  0]LogInit: Transaction tracking system initialized
[2019.04.11-01.49.22:460][  0]BlueprintLog: New page: Editor Load
[2019.04.11-01.49.22:652][  0]LocalizationService: Localization service is disabled
[2019.04.11-01.49.22:948][  0]LogVSAccessor: Display: Unable to create Visual Studio setup instance: 80040154
[2019.04.11-01.49.22:949][  0]LogVSAccessor: Display: Unable to create Visual Studio setup instance: 80040154
[2019.04.11-01.49.23:213][  0]LogFileCache: Scanning file cache for directory 'C:/Users/Jordan Ellis/Documents/Unreal Projects/CurtisInventoryBlank/Content/' took 0.02s
[2019.04.11-01.49.23:213][  0]LogCook: Display: Max memory allowance for cook 16384mb min free memory 0mb
[2019.04.11-01.49.23:213][  0]LogCook: Display: Mobile HDR setting 1
[2019.04.11-01.49.23:519][  0]SourceControl: Source control is disabled
[2019.04.11-01.49.23:519][  0]Cmd: MAP LOAD FILE="../../../../../../Users/Jordan Ellis/Documents/Unreal Projects/CurtisInventoryBlank/Content/InventorySystem/Maps/InventoryExampleMap.umap" TEMPLATE=0 SHOWPROGRESS=1 FEATURELEVEL=3
[2019.04.11-01.49.23:520][  0]LightingResults: New page: Lighting Build
[2019.04.11-01.49.23:524][  0]MapCheck: New page: Map Check
[2019.04.11-01.49.23:524][  0]LightingResults: New page: Lighting Build
[2019.04.11-01.49.23:548][  0]LogUObjectHash: Compacting FUObjectHashTables data took   1.83ms
[2019.04.11-01.49.23:693][  0]LogClass: Warning: Enum '/Game/InventorySystem/Blueprints/Inventory/EquipmentSlots.EquipmentSlots' was upgraded to use FText to store its display name data. Please re-save this asset to avoid issues with localization and determinstic cooking.
[2019.04.11-01.49.23:763][  0]LogClass: Warning: Enum '/Game/InventorySystem/Blueprints/Inventory/ItemQuality.ItemQuality' was upgraded to use FText to store its display name data. Please re-save this asset to avoid issues with localization and determinstic cooking.
[2019.04.11-01.49.23:809][  0]LogClass: Warning: Enum '/Game/InventorySystem/Blueprints/Inventory/EquipmentType.EquipmentType' was upgraded to use FText to store its display name data. Please re-save this asset to avoid issues with localization and determinstic cooking.
[2019.04.11-01.49.24:251][  0]LogLinker: Display: CreateExport: Failed to load Parent for Function /Game/InventorySystem/Blueprints/Weapons/Weapon_Rifle_Assualt.Weapon_Rifle_Assualt_C:UserConstructionScript; removing parent information, but keeping function
[2019.04.11-01.49.24:618][  0]LogClass: Warning: Enum '/Game/InventorySystem/Blueprints/Inventory/ItemType.ItemType' was upgraded to use FText to store its display name data. Please re-save this asset to avoid issues with localization and determinstic cooking.
[2019.04.11-01.49.24:755][  0]LogBlueprint: Warning: [Compiler InventoryManagerComponent] Add Torque  is deprecated; Use AddTorqueInRadians instead
[2019.04.11-01.49.25:037][  0]LogBlueprint: Warning: [Compiler InventoryManagerComponent] [0013.61] Compile of InventoryManagerComponent successful, but with 1 Warning(s) [in 433 ms] (/Game/InventorySystem/Blueprints/Components/InventoryManagerComponent.InventoryManagerComponent)
[2019.04.11-01.49.25:387][  0]LogBlueprint: Warning: [Compiler Usable_Door] SKEL_Usable_Actor_C.WasUsed is private and not accessible in this context. Please fix mark up or cease accessing as this will be an error in a future release.  Get WasUsed
[2019.04.11-01.49.25:389][  0]LogBlueprint: Warning: [Compiler Usable_Door] [0013.96] Compile of Usable_Door successful, but with 1 Warning(s) [in 8 ms] (/Game/InventorySystem/Blueprints/Usables/Usable_Door.Usable_Door)
[2019.04.11-01.49.25:873][  0]LogClass: Warning: Enum '/Game/InventorySystem/Blueprints/Demo/Classes.Classes' was upgraded to use FText to store its display name data. Please re-save this asset to avoid issues with localization and determinstic cooking.
[2019.04.11-01.49.26:098][  0]LogClass: Warning: Enum '/Game/InventorySystem/Blueprints/Inventory/EquipmentSlotType.EquipmentSlotType' was upgraded to use FText to store its display name data. Please re-save this asset to avoid issues with localization and determinstic cooking.
[2019.04.11-01.49.26:252][  0]LogAIModule: Creating AISystem for world InventoryExampleMap
[2019.04.11-01.49.26:369][  0]LogSpawn: Warning: SpawnActor failed because we are running a ConstructionScript (Weapon_Rifle_Assualt_C)
[2019.04.11-01.49.26:369][  0]LogScript: Warning: Accessed None trying to read property MainHandWeaponReference
	EquipmentInventoryComponent_C /Game/InventorySystem/Maps/InventoryExampleMap.InventoryExampleMap:PersistentLevel.Muppet_C_0.EquipmentInventoryComponent
	Function /Game/InventorySystem/Blueprints/Components/EquipmentInventoryComponent.EquipmentInventoryComponent_C:UpdateMainHandWeapon:02B7
[2019.04.11-01.49.26:379][  0]LogEditorServer: Finished looking for orphan Actors (0.000 secs)
[2019.04.11-01.49.26:450][  0]LogUObjectHash: Compacting FUObjectHashTables data took   3.48ms
[2019.04.11-01.49.26:452][  0]Cmd: MAP CHECKDEP NOCLEARLOG
[2019.04.11-01.49.26:454][  0]MapCheck: Map check complete: 0 Error(s), 0 Warning(s), took 0.849ms to complete.
[2019.04.11-01.49.26:454][  0]LogFileHelpers: Loading map 'InventoryExampleMap' took 2.934
[2019.04.11-01.49.26:610][  0]LogSlate: Updating window title bar state: overlay mode, drag disabled, window buttons hidden, title bar hidden
[2019.04.11-01.49.26:620][  0]LogSlate: Updating window title bar state: overlay mode, drag disabled, window buttons hidden, title bar hidden
[2019.04.11-01.49.26:628][  0]LogSlate: Updating window title bar state: overlay mode, drag disabled, window buttons hidden, title bar hidden
[2019.04.11-01.49.26:635][  0]LogSlate: Updating window title bar state: overlay mode, drag disabled, window buttons hidden, title bar hidden
[2019.04.11-01.49.26:666][  0]LogCollectionManager: Loaded 0 collections in 0.001127 seconds
[2019.04.11-01.49.26:724][  0]LogFileCache: Scanning file cache for directory 'C:/Users/Jordan Ellis/Documents/Unreal Projects/CurtisInventoryBlank/Saved/Collections/' took 0.01s
[2019.04.11-01.49.26:724][  0]LogFileCache: Scanning file cache for directory 'C:/Users/Jordan Ellis/Documents/Unreal Projects/CurtisInventoryBlank/Content/Developers/JordanEllis/Collections/' took 0.01s
[2019.04.11-01.49.26:724][  0]LogFileCache: Scanning file cache for directory 'C:/Users/Jordan Ellis/Documents/Unreal Projects/CurtisInventoryBlank/Content/Collections/' took 0.01s
[2019.04.11-01.49.26:724][  0]LogCollectionManager: Rebuilt the GUID cache for 0 collections in 0.000000 seconds
[2019.04.11-01.49.26:738][  0]LogContentBrowser: Native class hierarchy populated in 0.0119 seconds. Added 2734 classes and 662 folders.
[2019.04.11-01.49.26:754][  0]LogContentBrowser: Native class hierarchy updated for 'WidgetCarousel' in 0.0002 seconds. Added 0 classes and 0 folders.
[2019.04.11-01.49.26:761][  0]LogPakFile: Registered encryption key '00000000000000000000000000000000': 0 pak files mounted, 0 remain pending
[2019.04.11-01.49.26:768][  0]LogPakFile: Registered encryption key '00000000000000000000000000000000': 0 pak files mounted, 0 remain pending
[2019.04.11-01.49.26:770][  0]LogPakFile: Registered encryption key '00000000000000000000000000000000': 0 pak files mounted, 0 remain pending
[2019.04.11-01.49.26:772][  0]LogPakFile: Registered encryption key '00000000000000000000000000000000': 0 pak files mounted, 0 remain pending
[2019.04.11-01.49.26:774][  0]LogPakFile: Registered encryption key '00000000000000000000000000000000': 0 pak files mounted, 0 remain pending
[2019.04.11-01.49.26:776][  0]LogPakFile: Registered encryption key '00000000000000000000000000000000': 0 pak files mounted, 0 remain pending
[2019.04.11-01.49.26:778][  0]LogPakFile: Registered encryption key '00000000000000000000000000000000': 0 pak files mounted, 0 remain pending
[2019.04.11-01.49.26:780][  0]LogPakFile: Registered encryption key '00000000000000000000000000000000': 0 pak files mounted, 0 remain pending
[2019.04.11-01.49.26:782][  0]LogPakFile: Registered encryption key '00000000000000000000000000000000': 0 pak files mounted, 0 remain pending
[2019.04.11-01.49.26:784][  0]LogPakFile: Registered encryption key '00000000000000000000000000000000': 0 pak files mounted, 0 remain pending
[2019.04.11-01.49.26:786][  0]LogPakFile: Registered encryption key '00000000000000000000000000000000': 0 pak files mounted, 0 remain pending
[2019.04.11-01.49.26:787][  0]LogPakFile: Registered encryption key '00000000000000000000000000000000': 0 pak files mounted, 0 remain pending
[2019.04.11-01.49.26:790][  0]LogPakFile: Registered encryption key '00000000000000000000000000000000': 0 pak files mounted, 0 remain pending
[2019.04.11-01.49.26:792][  0]LogPakFile: Registered encryption key '00000000000000000000000000000000': 0 pak files mounted, 0 remain pending
[2019.04.11-01.49.26:794][  0]LogPakFile: Registered encryption key '00000000000000000000000000000000': 0 pak files mounted, 0 remain pending
[2019.04.11-01.49.26:796][  0]LogPakFile: Registered encryption key '00000000000000000000000000000000': 0 pak files mounted, 0 remain pending
[2019.04.11-01.49.26:798][  0]LogPakFile: Registered encryption key '00000000000000000000000000000000': 0 pak files mounted, 0 remain pending
[2019.04.11-01.49.26:800][  0]LogPakFile: Registered encryption key '00000000000000000000000000000000': 0 pak files mounted, 0 remain pending
[2019.04.11-01.49.26:802][  0]LogPakFile: Registered encryption key '00000000000000000000000000000000': 0 pak files mounted, 0 remain pending
[2019.04.11-01.49.26:804][  0]LogPakFile: Registered encryption key '00000000000000000000000000000000': 0 pak files mounted, 0 remain pending
[2019.04.11-01.49.26:806][  0]LogPakFile: Registered encryption key '00000000000000000000000000000000': 0 pak files mounted, 0 remain pending
[2019.04.11-01.49.26:808][  0]LogPakFile: Registered encryption key '00000000000000000000000000000000': 0 pak files mounted, 0 remain pending
[2019.04.11-01.49.26:810][  0]LogPakFile: Registered encryption key '00000000000000000000000000000000': 0 pak files mounted, 0 remain pending
[2019.04.11-01.49.26:812][  0]LogPakFile: Registered encryption key '00000000000000000000000000000000': 0 pak files mounted, 0 remain pending
[2019.04.11-01.49.26:814][  0]LogPakFile: Registered encryption key '00000000000000000000000000000000': 0 pak files mounted, 0 remain pending
[2019.04.11-01.49.26:817][  0]LogPakFile: Registered encryption key '00000000000000000000000000000000': 0 pak files mounted, 0 remain pending
[2019.04.11-01.49.26:926][  0]LogContentBrowser: Native class hierarchy updated for 'AddContentDialog' in 0.0002 seconds. Added 0 classes and 0 folders.
[2019.04.11-01.49.26:933][  0]LogContentBrowser: Native class hierarchy updated for 'SceneOutliner' in 0.0003 seconds. Added 1 classes and 2 folders.
[2019.04.11-01.49.26:941][  0]LogConsoleManager: Warning: Console object named 'ActorComponents.Enable' already exists but is being registered again, but we weren't expected it to be! (FConsoleManager::AddConsoleObject)
[2019.04.11-01.49.27:071][  0]LogSlate: Took 0.001229 seconds to synchronously load lazily loaded font '../../../Engine/Content/Slate/Fonts/Roboto-Regular.ttf' (155K)
[2019.04.11-01.49.27:076][  0]LogSlate: Took 0.001322 seconds to synchronously load lazily loaded font '../../../Engine/Content/Slate/Fonts/Roboto-Bold.ttf' (160K)
[2019.04.11-01.49.27:087][  0]LogSlate: Took 0.000853 seconds to synchronously load lazily loaded font '../../../Engine/Content/Editor/Slate/Fonts/FontAwesome.ttf' (139K)
[2019.04.11-01.49.27:162][  0]LogRenderer: Reallocating scene render targets to support 684x368 Format 10 NumSamples 1 (Frame:1).
[2019.04.11-01.49.27:368][  0]LogContentBrowser: Native class hierarchy updated for 'HierarchicalLODOutliner' in 0.0003 seconds. Added 0 classes and 0 folders.
[2019.04.11-01.49.27:368][  0]LogLoad: (Engine Initialization) Total time: 15.94 seconds
[2019.04.11-01.49.27:368][  0]LogLoad: (Engine Initialization) Total Blueprint compile time: 0.00 seconds
[2019.04.11-01.49.27:421][  0]LogAssetRegistry: Asset discovery search completed in 9.9063 seconds
[2019.04.11-01.49.27:424][  0]LogCollectionManager: Rebuilt the object cache for 0 collections in 0.000000 seconds (found 0 objects)
[2019.04.11-01.49.27:424][  0]LogCollectionManager: Fixed up redirectors for 0 collections in 0.000060 seconds (updated 0 objects)
[2019.04.11-01.49.27:424][  0]LogContentStreaming: Texture pool size now 3000 MB
[2019.04.11-01.49.27:450][  0]LogSlate: Took 0.001316 seconds to synchronously load lazily loaded font '../../../Engine/Content/Slate/Fonts/Roboto-Light.ttf' (167K)
[2019.04.11-01.49.32:188][248]LogSlate: FSceneViewport::OnFocusLost() reason 2
[2019.04.11-01.49.33:361][386]LogSlate: FSceneViewport::OnFocusLost() reason 2
[2019.04.11-01.49.36:744][759]LogSourceControl: Warning: '../../../../../../Users/Jordan Ellis/Documents/Unreal Projects/CurtisInventoryBlank/' is not part of a Git repository
[2019.04.11-01.49.49:971][292]SourceControl: Error: fatal: not a git repository (or any of the parent directories): .git
[2019.04.11-01.49.49:971][292]SourceControl: Error: fatal: not a git repository (or any of the parent directories): .git
[2019.04.11-01.49.49:975][292]SourceControl: Error: Failed to enable Git source control. You need to initialize the project as a Git repository first.
[2019.04.11-01.50.20:733][280]LogSourceControl: Warning: '../../../../../../Users/Jordan Ellis/Documents/Unreal Projects/CurtisInventoryBlank/' is not part of a Git repository
[2019.04.11-01.50.21:019][302]SourceControl: Error: fatal: not a git repository (or any of the parent directories): .git
[2019.04.11-01.50.21:019][302]SourceControl: Error: fatal: not a git repository (or any of the parent directories): .git
[2019.04.11-01.50.21:019][302]SourceControl: Error: Failed to enable Git source control. You need to initialize the project as a Git repository first.
[2019.04.11-01.51.05:935][125]LogSlate: Window 'Source Control Login' being destroyed
[2019.04.11-01.51.09:104][497]LogSlate: FSceneViewport::OnFocusLost() reason 2
[2019.04.11-01.51.10:726][691]LogSlate: FSceneViewport::OnFocusLost() reason 2
[2019.04.11-01.51.14:579][141]LogSlate: Window 'Source Control Login' being destroyed
[2019.04.11-01.51.18:628][619]LogSlate: FSceneViewport::OnFocusLost() reason 2
